#
# A fatal error has been detected by the Java Runtime Environment:
#
#  Internal Error (javaClasses.cpp:129), pid=732, tid=3260
#  fatal error: Invalid layout of preloaded class
#
# JRE version: 7.0_13-b20
# Java VM: Java HotSpot(TM) 64-Bit Server VM (23.7-b01 mixed mode windows-amd64 compressed oops)
# Failed to write core dump. Minidumps are not enabled by default on client versions of Windows
#
# If you would like to submit a bug report, please visit:
#   http://bugreport.sun.com/bugreport/crash.jsp
#

---------------  T H R E A D  ---------------

Current thread (0x000000000023c800):  JavaThread "Unknown thread" [_thread_in_vm, id=3260, stack(0x00000000024f0000,0x00000000025f0000)]

Stack: [0x00000000024f0000,0x00000000025f0000]

---------------  P R O C E S S  ---------------

Java Threads: ( => current thread )

Other Threads:

=>0x000000000023c800 (exited) JavaThread "Unknown thread" [_thread_in_vm, id=3260, stack(0x00000000024f0000,0x00000000025f0000)]

VM state:not at safepoint (not fully initialized)

VM Mutex/Monitor currently owned by a thread: None

GC Heap History (0 events):
No events

Deoptimization events (0 events):
No events

Internal exceptions (0 events):
No events

Events (10 events):
Event: 0.008 loading class 0x00000000023300e0 done
Event: 0.008 loading class 0x00000000022f2520 done
Event: 0.008 loading class 0x00000000022f24f0
Event: 0.008 loading class 0x000000000237fea0
Event: 0.008 loading class 0x000000000237fea0 done
Event: 0.008 loading class 0x000000000237fee0
Event: 0.008 loading class 0x000000000237fee0 done
Event: 0.008 loading class 0x00000000023821b0
Event: 0.008 loading class 0x00000000023821b0 done
Event: 0.009 loading class 0x00000000022f24f0 done


Dynamic libraries:
0x000000013fac0000 - 0x000000013faf3000 	C:\Program Files\Java\jre7\bin\javaw.exe
0x0000000077950000 - 0x0000000077af9000 	C:\Windows\SYSTEM32\ntdll.dll
0x0000000077830000 - 0x000000007794f000 	C:\Windows\system32\kernel32.dll
0x000007fefd9d0000 - 0x000007fefda3b000 	C:\Windows\system32\KERNELBASE.dll
0x000007fefebb0000 - 0x000007fefec8b000 	C:\Windows\system32\ADVAPI32.dll
0x000007fefdc70000 - 0x000007fefdd0f000 	C:\Windows\system32\msvcrt.dll
0x000007fefee40000 - 0x000007fefee5f000 	C:\Windows\SYSTEM32\sechost.dll
0x000007fefea80000 - 0x000007fefebad000 	C:\Windows\system32\RPCRT4.dll
0x0000000077730000 - 0x000000007782a000 	C:\Windows\system32\USER32.dll
0x000007feffbf0000 - 0x000007feffc57000 	C:\Windows\system32\GDI32.dll
0x000007fefe990000 - 0x000007fefe99e000 	C:\Windows\system32\LPK.dll
0x000007fefdd40000 - 0x000007fefde09000 	C:\Windows\system32\USP10.dll
0x000007fefc350000 - 0x000007fefc544000 	C:\Windows\WinSxS\amd64_microsoft.windows.common-controls_6595b64144ccf1df_6.0.7601.17514_none_fa396087175ac9ac\COMCTL32.dll
0x000007fefe390000 - 0x000007fefe401000 	C:\Windows\system32\SHLWAPI.dll
0x000007fefdd10000 - 0x000007fefdd3e000 	C:\Windows\system32\IMM32.DLL
0x000007fefe880000 - 0x000007fefe989000 	C:\Windows\system32\MSCTF.dll
0x0000000053370000 - 0x0000000053441000 	C:\Program Files\Java\jre7\bin\msvcr100.dll
0x0000000050350000 - 0x0000000050a6f000 	C:\Program Files\Java\jre7\bin\server\jvm.dll
0x000007fef3d80000 - 0x000007fef3d89000 	C:\Windows\system32\WSOCK32.dll
0x000007fefe000000 - 0x000007fefe04d000 	C:\Windows\system32\WS2_32.dll
0x000007fefdff0000 - 0x000007fefdff8000 	C:\Windows\system32\NSI.dll
0x000007fefb3f0000 - 0x000007fefb42b000 	C:\Windows\system32\WINMM.dll
0x0000000077b10000 - 0x0000000077b17000 	C:\Windows\system32\PSAPI.DLL
0x0000000074fd0000 - 0x0000000074fdf000 	C:\Program Files\Java\jre7\bin\verify.dll
0x0000000064630000 - 0x0000000064658000 	C:\Program Files\Java\jre7\bin\java.dll
0x0000000064610000 - 0x0000000064625000 	C:\Program Files\Java\jre7\bin\zip.dll

VM Arguments:
jvm_args: -Dfile.encoding=Cp1252 -Xbootclasspath:C:\Users\whwright\AppData\Local\Android\android-sdk\platforms\android-17\android.jar 
java_command: edu.gatech.hvz.main
Launcher Type: SUN_STANDARD

Environment Variables:
JAVA_HOME=C:\Progra~1\Java\jre7
PATH=C:\Program Files (x86)\NVIDIA Corporation\PhysX\Common;C:\Program Files (x86)\Intel\iCLS Client\;C:\Program Files\Intel\iCLS Client\;C:\Windows\system32;C:\Windows;C:\Windows\System32\Wbem;C:\Windows\System32\WindowsPowerShell\v1.0\;C:\Program Files\Intel\Intel(R) Management Engine Components\DAL;C:\Program Files\Intel\Intel(R) Management Engine Components\IPT;C:\Program Files (x86)\Intel\Intel(R) Management Engine Components\DAL;C:\Program Files (x86)\Intel\Intel(R) Management Engine Components\IPT;C:\Program Files\Microsoft\Web Platform Installer\;C:\Program Files (x86)\Microsoft ASP.NET\ASP.NET Web Pages\v1.0\;C:\Program Files (x86)\Windows Kits\8.0\Windows Performance Toolkit\;C:\Program Files\Microsoft SQL Server\110\Tools\Binn\
USERNAME=whwright
OS=Windows_NT
PROCESSOR_IDENTIFIER=Intel64 Family 6 Model 42 Stepping 7, GenuineIntel



---------------  S Y S T E M  ---------------

OS: Windows 7 , 64 bit Build 7601 Service Pack 1

CPU:total 4 (4 cores per cpu, 1 threads per core) family 6 model 42 stepping 7, cmov, cx8, fxsr, mmx, sse, sse2, sse3, ssse3, sse4.1, sse4.2, popcnt, avx, tsc, tscinvbit

Memory: 4k page, physical 33503776k(28775088k free), swap 33501920k(27019164k free)

vm_info: Java HotSpot(TM) 64-Bit Server VM (23.7-b01) for windows-amd64 JRE (1.7.0_13-b20), built on Jan 30 2013 10:10:00 by "java_re" with unknown MS VC++:1600

time: Tue Feb 19 00:09:08 2013
elapsed time: 0 seconds

